2024-04-19 21:23:42,863 INFO o.a.j.u.JMeterUtils: Setting Locale to en_CO
2024-04-19 21:23:42,884 INFO o.a.j.JMeter: Loading user properties from: user.properties
2024-04-19 21:23:42,885 INFO o.a.j.JMeter: Loading system properties from: system.properties
2024-04-19 21:23:42,886 INFO o.a.j.JMeter: Loading additional properties from: /Users/cristian.zapata/Downloads/apache-jmeter-5.6.3/bin/user.properties
2024-04-19 21:23:42,891 INFO o.a.j.JMeter: Copyright (c) 1998-2024 The Apache Software Foundation
2024-04-19 21:23:42,891 INFO o.a.j.JMeter: Version 5.6.3
2024-04-19 21:23:42,891 INFO o.a.j.JMeter: java.version=17.0.7
2024-04-19 21:23:42,891 INFO o.a.j.JMeter: java.vm.name=Java HotSpot(TM) 64-Bit Server VM
2024-04-19 21:23:42,891 INFO o.a.j.JMeter: os.name=Mac OS X
2024-04-19 21:23:42,891 INFO o.a.j.JMeter: os.arch=x86_64
2024-04-19 21:23:42,891 INFO o.a.j.JMeter: os.version=14.4.1
2024-04-19 21:23:42,891 INFO o.a.j.JMeter: file.encoding=UTF-8
2024-04-19 21:23:42,891 INFO o.a.j.JMeter: java.awt.headless=true
2024-04-19 21:23:42,891 INFO o.a.j.JMeter: Max memory     =4294967296
2024-04-19 21:23:42,891 INFO o.a.j.JMeter: Available Processors =16
2024-04-19 21:23:42,896 INFO o.a.j.JMeter: Default Locale=English (Colombia)
2024-04-19 21:23:42,897 INFO o.a.j.JMeter: JMeter  Locale=English (Colombia)
2024-04-19 21:23:42,897 INFO o.a.j.JMeter: JMeterHome=/Users/cristian.zapata/Downloads/apache-jmeter-5.6.3
2024-04-19 21:23:42,897 INFO o.a.j.JMeter: user.dir  =/Users/cristian.zapata/Downloads/apache-jmeter-5.6.3/bin
2024-04-19 21:23:42,897 INFO o.a.j.JMeter: PWD       =/Users/cristian.zapata/Downloads/apache-jmeter-5.6.3/bin
2024-04-19 21:23:43,106 INFO o.a.j.JMeter: IP: 192.168.1.1 Name: 20.160.168.191.isp.timbrasil.com.br FullName: ip-192-168-1-1.ec2.internal
2024-04-19 21:23:43,122 INFO o.a.j.JMeter: Setting property 'jmeter.reportgenerator.outputdir' to:'/Users/cristian.zapata/Downloads/ppp'
2024-04-19 21:23:43,125 INFO o.a.j.r.d.ReportGenerator: ReportGenerator will use for Parsing the separator: ','
2024-04-19 21:23:43,125 INFO o.a.j.r.d.ReportGenerator: Will only generate report from results file: /Users/cristian.zapata/Downloads/rrr.jtl
2024-04-19 21:23:43,125 INFO o.a.j.r.d.ReportGenerator: Reading report generator properties from: /Users/cristian.zapata/Downloads/apache-jmeter-5.6.3/bin/reportgenerator.properties
2024-04-19 21:23:43,126 INFO o.a.j.r.d.ReportGenerator: Merging with JMeter properties
2024-04-19 21:23:43,130 INFO o.a.j.r.c.ReportGeneratorConfiguration: Property 'jmeter.reportgenerator.temp_dir' not found, using default value 'temp' instead.
2024-04-19 21:23:43,132 INFO o.a.j.r.c.ReportGeneratorConfiguration: Property 'jmeter.reportgenerator.apdex_per_transaction' not found, using default value 'null' instead.
2024-04-19 21:23:43,141 INFO o.a.j.r.c.ReportGeneratorConfiguration: apdex_per_transaction is empty, not APDEX per transaction customization
2024-04-19 21:23:43,142 INFO o.a.j.r.c.ReportGeneratorConfiguration: Property 'jmeter.reportgenerator.sample_filter' not found, using default value 'null' instead.
2024-04-19 21:23:43,142 INFO o.a.j.r.c.ReportGeneratorConfiguration: Property 'jmeter.reportgenerator.report_title' not found, using default value 'null' instead.
2024-04-19 21:23:43,142 INFO o.a.j.r.c.ReportGeneratorConfiguration: Property 'jmeter.reportgenerator.start_date' not found, using default value 'null' instead.
2024-04-19 21:23:43,142 INFO o.a.j.r.c.ReportGeneratorConfiguration: Property 'jmeter.reportgenerator.end_date' not found, using default value 'null' instead.
2024-04-19 21:23:43,142 INFO o.a.j.r.c.ReportGeneratorConfiguration: Property 'jmeter.reportgenerator.date_format' not found, using default value 'null' instead.
2024-04-19 21:23:43,142 INFO o.a.j.r.c.ReportGeneratorConfiguration: Will use date range start date: null, end date: null
2024-04-19 21:23:43,146 INFO o.a.j.r.c.ReportGeneratorConfiguration: Property 'jmeter.reportgenerator.graph.totalTPS.exclude_controllers' not found, using default value 'false' instead.
2024-04-19 21:23:43,146 INFO o.a.j.r.c.ReportGeneratorConfiguration: Property 'jmeter.reportgenerator.graph.activeThreadsOverTime.exclude_controllers' not found, using default value 'false' instead.
2024-04-19 21:23:43,147 INFO o.a.j.r.c.ReportGeneratorConfiguration: Property 'jmeter.reportgenerator.graph.timeVsThreads.exclude_controllers' not found, using default value 'false' instead.
2024-04-19 21:23:43,147 INFO o.a.j.r.c.ReportGeneratorConfiguration: Property 'jmeter.reportgenerator.graph.responseTimeDistribution.exclude_controllers' not found, using default value 'false' instead.
2024-04-19 21:23:43,147 INFO o.a.j.r.c.ReportGeneratorConfiguration: Property 'jmeter.reportgenerator.graph.transactionsPerSecond.exclude_controllers' not found, using default value 'false' instead.
2024-04-19 21:23:43,147 INFO o.a.j.r.c.ReportGeneratorConfiguration: Property 'jmeter.reportgenerator.graph.responseTimePercentiles.exclude_controllers' not found, using default value 'false' instead.
2024-04-19 21:23:43,147 INFO o.a.j.r.c.ReportGeneratorConfiguration: Property 'jmeter.reportgenerator.graph.responseTimePercentilesOverTime.exclude_controllers' not found, using default value 'false' instead.
2024-04-19 21:23:43,147 INFO o.a.j.r.c.ReportGeneratorConfiguration: Property 'jmeter.reportgenerator.graph.responseTimesOverTime.exclude_controllers' not found, using default value 'false' instead.
2024-04-19 21:23:43,147 INFO o.a.j.r.c.ReportGeneratorConfiguration: Property 'jmeter.reportgenerator.graph.connectTimeOverTime.exclude_controllers' not found, using default value 'false' instead.
2024-04-19 21:23:43,148 INFO o.a.j.r.c.ReportGeneratorConfiguration: Property 'jmeter.reportgenerator.graph.latenciesOverTime.exclude_controllers' not found, using default value 'false' instead.
2024-04-19 21:23:43,148 INFO o.a.j.r.c.ReportGeneratorConfiguration: Property 'jmeter.reportgenerator.exporter.json.filters_only_sample_series' not found, using default value 'true' instead.
2024-04-19 21:23:43,148 INFO o.a.j.r.c.ReportGeneratorConfiguration: Property 'jmeter.reportgenerator.exporter.json.series_filter' not found, using default value '' instead.
2024-04-19 21:23:43,148 INFO o.a.j.r.c.ReportGeneratorConfiguration: Property 'jmeter.reportgenerator.exporter.json.show_controllers_only' not found, using default value 'false' instead.
2024-04-19 21:23:43,149 INFO o.a.j.r.c.ReportGeneratorConfiguration: Property 'jmeter.reportgenerator.exporter.html.filters_only_sample_series' not found, using default value 'true' instead.
2024-04-19 21:23:43,149 INFO o.a.j.r.c.ReportGeneratorConfiguration: Property 'jmeter.reportgenerator.exporter.html.series_filter' not found, using default value '' instead.
2024-04-19 21:23:43,149 INFO o.a.j.r.c.ReportGeneratorConfiguration: Property 'jmeter.reportgenerator.exporter.html.show_controllers_only' not found, using default value 'false' instead.
2024-04-19 21:23:43,290 INFO o.a.j.s.SaveService: Testplan (JMX) version: 2.2. Testlog (JTL) version: 2.2
2024-04-19 21:23:43,314 INFO o.a.j.s.SaveService: Using SaveService properties version 5.0
2024-04-19 21:23:43,317 INFO o.a.j.s.SaveService: Using SaveService properties file encoding UTF-8
2024-04-19 21:23:43,350 INFO o.a.j.r.p.NormalizerSampleConsumer: Using format, 'ms', to parse timeStamp field
2024-04-19 21:23:43,768 INFO o.a.j.r.p.AbstractSampleConsumer: class org.apache.jmeter.report.processor.AggregateConsumer#stopProducing(): beginDate produced 0 samples
2024-04-19 21:23:43,768 INFO o.a.j.r.p.AbstractSampleConsumer: class org.apache.jmeter.report.processor.AggregateConsumer#stopProducing(): endDate produced 0 samples
2024-04-19 21:23:43,770 INFO o.a.j.r.p.AbstractSampleConsumer: class org.apache.jmeter.report.processor.ApdexSummaryConsumer#stopProducing(): apdexSummary produced 0 samples
2024-04-19 21:23:43,770 INFO o.a.j.r.p.AbstractSampleConsumer: class org.apache.jmeter.report.processor.RequestsSummaryConsumer#stopProducing(): requestsSummary produced 0 samples
2024-04-19 21:23:43,778 INFO o.a.j.r.p.AbstractSampleConsumer: class org.apache.jmeter.report.processor.StatisticsSummaryConsumer#stopProducing(): statisticsSummary produced 0 samples
2024-04-19 21:23:43,781 INFO o.a.j.r.p.AbstractSampleConsumer: class org.apache.jmeter.report.processor.Top5ErrorsBySamplerConsumer#stopProducing(): top5ErrorsBySampler produced 0 samples
2024-04-19 21:23:43,781 INFO o.a.j.r.p.AbstractSampleConsumer: class org.apache.jmeter.report.processor.ErrorsSummaryConsumer#stopProducing(): errorsSummary produced 0 samples
2024-04-19 21:23:43,781 INFO o.a.j.r.p.AbstractSampleConsumer: class org.apache.jmeter.report.processor.graph.impl.HitsPerSecondGraphConsumer#stopProducing(): hitsPerSecond produced 0 samples
2024-04-19 21:23:43,891 INFO o.a.j.r.p.AbstractSampleConsumer: class org.apache.jmeter.report.processor.graph.impl.LatencyVSRequestGraphConsumer#stopProducing(): latencyVsRequest produced 0 samples
2024-04-19 21:23:43,892 INFO o.a.j.r.p.AbstractSampleConsumer: class org.apache.jmeter.report.processor.graph.impl.SyntheticResponseTimeDistributionGraphConsumer#stopProducing(): syntheticResponseTimeDistribution produced 0 samples
2024-04-19 21:23:43,892 INFO o.a.j.r.p.AbstractSampleConsumer: class org.apache.jmeter.report.processor.graph.impl.BytesThroughputGraphConsumer#stopProducing(): bytesThroughputOverTime produced 0 samples
2024-04-19 21:23:43,892 INFO o.a.j.r.p.AbstractSampleConsumer: class org.apache.jmeter.report.processor.graph.impl.CodesPerSecondGraphConsumer#stopProducing(): codesPerSecond produced 0 samples
2024-04-19 21:23:43,955 INFO o.a.j.r.p.AbstractSampleConsumer: class org.apache.jmeter.report.processor.graph.impl.ResponseTimeVSRequestGraphConsumer#stopProducing(): responseTimeVsRequest produced 0 samples
2024-04-19 21:23:43,956 INFO o.a.j.r.p.AbstractSampleConsumer: class org.apache.jmeter.report.processor.FilterConsumer#stopProducing(): startIntervalControlerFilter produced 48937 samples
2024-04-19 21:23:43,957 INFO o.a.j.r.p.AbstractSampleConsumer: class org.apache.jmeter.report.processor.graph.impl.TotalTPSGraphConsumer#stopProducing(): totalTPS produced 0 samples
2024-04-19 21:23:43,957 INFO o.a.j.r.p.AbstractSampleConsumer: class org.apache.jmeter.report.processor.graph.impl.ActiveThreadsGraphConsumer#stopProducing(): activeThreadsOverTime produced 0 samples
2024-04-19 21:23:43,957 INFO o.a.j.r.p.AbstractSampleConsumer: class org.apache.jmeter.report.processor.graph.impl.TimeVSThreadGraphConsumer#stopProducing(): timeVsThreads produced 0 samples
2024-04-19 21:23:43,958 INFO o.a.j.r.p.AbstractSampleConsumer: class org.apache.jmeter.report.processor.graph.impl.ResponseTimeDistributionGraphConsumer#stopProducing(): responseTimeDistribution produced 0 samples
2024-04-19 21:23:43,958 INFO o.a.j.r.p.AbstractSampleConsumer: class org.apache.jmeter.report.processor.graph.impl.TransactionsPerSecondGraphConsumer#stopProducing(): transactionsPerSecond produced 0 samples
2024-04-19 21:23:43,958 INFO o.a.j.r.p.AbstractSampleConsumer: class org.apache.jmeter.report.processor.graph.impl.ResponseTimePercentilesGraphConsumer#stopProducing(): responseTimePercentiles produced 0 samples
2024-04-19 21:23:43,963 INFO o.a.j.r.p.AbstractSampleConsumer: class org.apache.jmeter.report.processor.graph.impl.ResponseTimePercentilesOverTimeGraphConsumer#stopProducing(): responseTimePercentilesOverTime produced 0 samples
2024-04-19 21:23:43,964 INFO o.a.j.r.p.AbstractSampleConsumer: class org.apache.jmeter.report.processor.graph.impl.ResponseTimeOverTimeGraphConsumer#stopProducing(): responseTimesOverTime produced 0 samples
2024-04-19 21:23:43,964 INFO o.a.j.r.p.AbstractSampleConsumer: class org.apache.jmeter.report.processor.graph.impl.ConnectTimeOverTimeGraphConsumer#stopProducing(): connectTimeOverTime produced 0 samples
2024-04-19 21:23:43,964 INFO o.a.j.r.p.AbstractSampleConsumer: class org.apache.jmeter.report.processor.graph.impl.LatencyOverTimeGraphConsumer#stopProducing(): latenciesOverTime produced 0 samples
2024-04-19 21:23:43,964 INFO o.a.j.r.p.AbstractSampleConsumer: class org.apache.jmeter.report.processor.FilterConsumer#stopProducing(): nameFilter produced 104865 samples
2024-04-19 21:23:43,964 INFO o.a.j.r.p.AbstractSampleConsumer: class org.apache.jmeter.report.processor.FilterConsumer#stopProducing(): dateRangeFilter produced 20973 samples
2024-04-19 21:23:43,964 INFO o.a.j.r.p.AbstractSampleConsumer: class org.apache.jmeter.report.processor.NormalizerSampleConsumer#stopProducing(): normalizer produced 6991 samples
2024-04-19 21:23:43,965 INFO o.a.j.r.p.CsvFileSampleSource: produce(): 6991 samples produced in 595ms on channel 0
2024-04-19 21:23:43,965 INFO o.a.j.r.d.ReportGenerator: Exporting data using exporter:'json' of className:'org.apache.jmeter.report.dashboard.JsonExporter'
2024-04-19 21:23:44,058 INFO o.a.j.r.d.JsonExporter: Found data for consumer statisticsSummary in context
2024-04-19 21:23:44,058 INFO o.a.j.r.d.JsonExporter: Creating statistics for overall
2024-04-19 21:23:44,058 INFO o.a.j.r.d.JsonExporter: Creating statistics for other transactions
2024-04-19 21:23:44,058 INFO o.a.j.r.d.JsonExporter: Checking output folder
2024-04-19 21:23:44,059 INFO o.a.j.r.d.JsonExporter: Writing statistics JSON to /Users/cristian.zapata/Downloads/ppp/statistics.json
2024-04-19 21:23:44,099 INFO o.a.j.r.d.ReportGenerator: Exporting data using exporter:'html' of className:'org.apache.jmeter.report.dashboard.HtmlTemplateExporter'
2024-04-19 21:23:44,101 INFO o.a.j.r.d.HtmlTemplateExporter: Will generate dashboard in folder: /Users/cristian.zapata/Downloads/ppp
2024-04-19 21:23:44,221 INFO o.a.j.r.d.HtmlTemplateExporter: Report will be generated in: /Users/cristian.zapata/Downloads/ppp, creating folder structure
2024-04-19 21:23:44,225 INFO o.a.j.r.d.TemplateVisitor: Copying folder from '/Users/cristian.zapata/Downloads/apache-jmeter-5.6.3/bin/report-template' to '/Users/cristian.zapata/Downloads/ppp', got message: /Users/cristian.zapata/Downloads/ppp, found non empty folder with following content [/Users/cristian.zapata/Downloads/ppp/statistics.json], will be ignored
