2024-05-04 02:00:38,254 INFO o.a.j.u.JMeterUtils: Setting Locale to en_EN
2024-05-04 02:00:38,296 INFO o.a.j.JMeter: Loading user properties from: user.properties
2024-05-04 02:00:38,297 INFO o.a.j.JMeter: Loading system properties from: system.properties
2024-05-04 02:00:38,321 INFO o.a.j.JMeter: Copyright (c) 1998-2024 The Apache Software Foundation
2024-05-04 02:00:38,321 INFO o.a.j.JMeter: Version 5.6.3
2024-05-04 02:00:38,322 INFO o.a.j.JMeter: java.version=21
2024-05-04 02:00:38,322 INFO o.a.j.JMeter: java.vm.name=OpenJDK 64-Bit Server VM
2024-05-04 02:00:38,322 INFO o.a.j.JMeter: os.name=Windows 11
2024-05-04 02:00:38,322 INFO o.a.j.JMeter: os.arch=amd64
2024-05-04 02:00:38,322 INFO o.a.j.JMeter: os.version=10.0
2024-05-04 02:00:38,322 INFO o.a.j.JMeter: file.encoding=UTF-8
2024-05-04 02:00:38,324 INFO o.a.j.JMeter: java.awt.headless=null
2024-05-04 02:00:38,324 INFO o.a.j.JMeter: Max memory     =1073741824
2024-05-04 02:00:38,324 INFO o.a.j.JMeter: Available Processors =8
2024-05-04 02:00:38,350 INFO o.a.j.JMeter: Default Locale=English (EN)
2024-05-04 02:00:38,352 INFO o.a.j.JMeter: JMeter  Locale=English (EN)
2024-05-04 02:00:38,352 INFO o.a.j.JMeter: JMeterHome=C:\Users\icgodmem\Desktop\andes\materias\semestre2\Desarroll_software_nube\drones\desarrollo-soft-nube-misw4204\jmeter\apache-jmeter-5.6.3
2024-05-04 02:00:38,352 INFO o.a.j.JMeter: user.dir  =C:\Users\icgodmem\Desktop\andes\materias\semestre2\Desarroll_software_nube\drones\desarrollo-soft-nube-misw4204\jmeter\apache-jmeter-5.6.3\bin
2024-05-04 02:00:38,354 INFO o.a.j.JMeter: PWD       =C:\Users\icgodmem\Desktop\andes\materias\semestre2\Desarroll_software_nube\drones\desarrollo-soft-nube-misw4204\jmeter\apache-jmeter-5.6.3\bin
2024-05-04 02:00:38,356 INFO o.a.j.JMeter: IP: 172.19.160.1 Name: DESKTOP-BSICTEJ FullName: DESKTOP-BSICTEJ.mshome.net
2024-05-04 02:00:38,394 INFO o.a.j.JMeter: Loaded icon properties from org/apache/jmeter/images/icon.properties
2024-05-04 02:00:38,726 INFO o.a.j.JMeterGuiLauncher: Setting LAF to: com.github.weisj.darklaf.DarkLaf:com.github.weisj.darklaf.theme.DarculaTheme
2024-05-04 02:00:40,475 INFO o.a.j.r.ClassFinder: Will scan jar C:\Users\icgodmem\Desktop\andes\materias\semestre2\Desarroll_software_nube\drones\desarrollo-soft-nube-misw4204\jmeter\apache-jmeter-5.6.3\lib\ext\jmeter-plugins-graphs-basic-2.0.jar with filter ExtendsClassFilter [parents=[interface org.apache.jmeter.gui.action.Command], inner=false, contains=null, notContains=null]. Consider exposing JMeter plugins via META-INF/services, and add JMeter-Skip-Class-Scanning=true manifest attribute so JMeter can skip classfile scanning
2024-05-04 02:00:40,486 INFO o.a.j.r.ClassFinder: Will scan jar C:\Users\icgodmem\Desktop\andes\materias\semestre2\Desarroll_software_nube\drones\desarrollo-soft-nube-misw4204\jmeter\apache-jmeter-5.6.3\lib\ext\jmeter-plugins-manager-0.20.jar with filter ExtendsClassFilter [parents=[interface org.apache.jmeter.gui.action.Command], inner=false, contains=null, notContains=null]. Consider exposing JMeter plugins via META-INF/services, and add JMeter-Skip-Class-Scanning=true manifest attribute so JMeter can skip classfile scanning
2024-05-04 02:00:40,746 INFO o.a.j.r.ClassFinder: Will scan jar C:\Users\icgodmem\Desktop\andes\materias\semestre2\Desarroll_software_nube\drones\desarrollo-soft-nube-misw4204\jmeter\apache-jmeter-5.6.3\lib\ext\virtual-thread-group-plugin-1.0-SNAPSHOT.jar with filter ExtendsClassFilter [parents=[interface org.apache.jmeter.gui.action.Command], inner=false, contains=null, notContains=null]. Consider exposing JMeter plugins via META-INF/services, and add JMeter-Skip-Class-Scanning=true manifest attribute so JMeter can skip classfile scanning
2024-05-04 02:00:40,890 INFO o.a.j.r.ClassFinder: Will scan jar C:\Users\icgodmem\Desktop\andes\materias\semestre2\Desarroll_software_nube\drones\desarrollo-soft-nube-misw4204\jmeter\apache-jmeter-5.6.3\lib\ext\jmeter-plugins-graphs-basic-2.0.jar with filter ExtendsClassFilter [parents=[interface org.apache.jmeter.gui.plugin.MenuCreator], inner=false, contains=null, notContains=null]. Consider exposing JMeter plugins via META-INF/services, and add JMeter-Skip-Class-Scanning=true manifest attribute so JMeter can skip classfile scanning
2024-05-04 02:00:40,894 INFO o.a.j.r.ClassFinder: Will scan jar C:\Users\icgodmem\Desktop\andes\materias\semestre2\Desarroll_software_nube\drones\desarrollo-soft-nube-misw4204\jmeter\apache-jmeter-5.6.3\lib\ext\jmeter-plugins-manager-0.20.jar with filter ExtendsClassFilter [parents=[interface org.apache.jmeter.gui.plugin.MenuCreator], inner=false, contains=null, notContains=null]. Consider exposing JMeter plugins via META-INF/services, and add JMeter-Skip-Class-Scanning=true manifest attribute so JMeter can skip classfile scanning
2024-05-04 02:00:40,899 INFO o.a.j.r.ClassFinder: Will scan jar C:\Users\icgodmem\Desktop\andes\materias\semestre2\Desarroll_software_nube\drones\desarrollo-soft-nube-misw4204\jmeter\apache-jmeter-5.6.3\lib\ext\virtual-thread-group-plugin-1.0-SNAPSHOT.jar with filter ExtendsClassFilter [parents=[interface org.apache.jmeter.gui.plugin.MenuCreator], inner=false, contains=null, notContains=null]. Consider exposing JMeter plugins via META-INF/services, and add JMeter-Skip-Class-Scanning=true manifest attribute so JMeter can skip classfile scanning
2024-05-04 02:00:44,192 INFO o.j.r.PluginManager: Plugins Status: [jpgc-graphs-basic=2.0, jpgc-plugins-manager=0.20, jmeter-core=5.6.3, jmeter-ftp=5.6.3, jmeter-http=5.6.3, jmeter-jdbc=5.6.3, jmeter-jms=5.6.3, jmeter-junit=5.6.3, jmeter-java=5.6.3, jmeter-ldap=5.6.3, jmeter-mail=5.6.3, jmeter-mongodb=5.6.3, jmeter-native=5.6.3, jmeter-tcp=5.6.3, jmeter-components=5.6.3]
2024-05-04 02:00:44,194 INFO o.j.r.PluginManagerMenuItem: Plugins Manager has upgrades: [jpgc-plugins-manager]
2024-05-04 02:00:57,443 INFO o.a.j.s.FileServer: Default base='C:\Users\icgodmem\Desktop\andes\materias\semestre2\Desarroll_software_nube\drones\desarrollo-soft-nube-misw4204\jmeter\apache-jmeter-5.6.3\bin'
2024-05-04 02:00:57,447 INFO o.a.j.g.a.Load: Loading file: C:\Users\icgodmem\Desktop\andes\materias\semestre2\Desarroll_software_nube\drones\desarrollo-soft-nube-misw4204\jmeter\save_task_v2.jmx
2024-05-04 02:00:57,448 INFO o.a.j.s.FileServer: Set new base='C:\Users\icgodmem\Desktop\andes\materias\semestre2\Desarroll_software_nube\drones\desarrollo-soft-nube-misw4204\jmeter'
2024-05-04 02:00:57,762 INFO o.a.j.s.SaveService: Testplan (JMX) version: 2.2. Testlog (JTL) version: 2.2
2024-05-04 02:00:57,775 INFO o.a.j.s.SaveService: Using SaveService properties version 5.0
2024-05-04 02:00:57,783 INFO o.a.j.s.SaveService: Using SaveService properties file encoding UTF-8
2024-05-04 02:00:57,790 INFO o.a.j.s.SaveService: Loading file: C:\Users\icgodmem\Desktop\andes\materias\semestre2\Desarroll_software_nube\drones\desarrollo-soft-nube-misw4204\jmeter\save_task_v2.jmx
2024-05-04 02:00:57,932 INFO o.a.j.p.h.s.HTTPSamplerBase: Parser for text/html is org.apache.jmeter.protocol.http.parser.LagartoBasedHtmlParser
2024-05-04 02:00:57,932 INFO o.a.j.p.h.s.HTTPSamplerBase: Parser for application/xhtml+xml is org.apache.jmeter.protocol.http.parser.LagartoBasedHtmlParser
2024-05-04 02:00:57,932 INFO o.a.j.p.h.s.HTTPSamplerBase: Parser for application/xml is org.apache.jmeter.protocol.http.parser.LagartoBasedHtmlParser
2024-05-04 02:00:57,933 INFO o.a.j.p.h.s.HTTPSamplerBase: Parser for text/xml is org.apache.jmeter.protocol.http.parser.LagartoBasedHtmlParser
2024-05-04 02:00:57,933 INFO o.a.j.p.h.s.HTTPSamplerBase: Parser for text/vnd.wap.wml is org.apache.jmeter.protocol.http.parser.RegexpHTMLParser
2024-05-04 02:00:57,933 INFO o.a.j.p.h.s.HTTPSamplerBase: Parser for text/css is org.apache.jmeter.protocol.http.parser.CssParser
2024-05-04 02:00:58,528 INFO o.a.j.s.FileServer: Set new base='C:\Users\icgodmem\Desktop\andes\materias\semestre2\Desarroll_software_nube\drones\desarrollo-soft-nube-misw4204\jmeter'
2024-05-04 02:26:43,459 INFO o.a.j.s.FileServer: Set new base='C:\Users\icgodmem\Desktop\andes\materias\semestre2\Desarroll_software_nube\drones\desarrollo-soft-nube-misw4204\jmeter'
2024-05-04 02:26:56,353 INFO o.a.j.g.a.Load: Loading file: C:\Users\icgodmem\Desktop\andes\materias\semestre2\Desarroll_software_nube\drones\desarrollo-soft-nube-misw4204\jmeter\save_task_v2.jmx
2024-05-04 02:26:56,354 INFO o.a.j.s.FileServer: Set new base='C:\Users\icgodmem\Desktop\andes\materias\semestre2\Desarroll_software_nube\drones\desarrollo-soft-nube-misw4204\jmeter'
2024-05-04 02:26:56,354 INFO o.a.j.s.SaveService: Loading file: C:\Users\icgodmem\Desktop\andes\materias\semestre2\Desarroll_software_nube\drones\desarrollo-soft-nube-misw4204\jmeter\save_task_v2.jmx
2024-05-04 02:26:56,511 INFO o.a.j.s.FileServer: Set new base='C:\Users\icgodmem\Desktop\andes\materias\semestre2\Desarroll_software_nube\drones\desarrollo-soft-nube-misw4204\jmeter'
2024-05-04 02:29:08,610 INFO o.a.j.g.a.Load: Loading file: C:\Users\icgodmem\Desktop\andes\materias\semestre2\Desarroll_software_nube\drones\desarrollo-soft-nube-misw4204\jmeter\get_task_v2.jmx
2024-05-04 02:29:08,610 INFO o.a.j.s.FileServer: Set new base='C:\Users\icgodmem\Desktop\andes\materias\semestre2\Desarroll_software_nube\drones\desarrollo-soft-nube-misw4204\jmeter'
2024-05-04 02:29:08,610 INFO o.a.j.s.SaveService: Loading file: C:\Users\icgodmem\Desktop\andes\materias\semestre2\Desarroll_software_nube\drones\desarrollo-soft-nube-misw4204\jmeter\get_task_v2.jmx
2024-05-04 02:29:08,632 INFO o.a.j.s.FileServer: Set new base='C:\Users\icgodmem\Desktop\andes\materias\semestre2\Desarroll_software_nube\drones\desarrollo-soft-nube-misw4204\jmeter'
2024-05-04 02:34:58,328 INFO o.a.j.g.a.Load: Loading file: C:\Users\icgodmem\Desktop\andes\materias\semestre2\Desarroll_software_nube\drones\desarrollo-soft-nube-misw4204\jmeter\save_task_v2.jmx
2024-05-04 02:34:58,328 INFO o.a.j.s.FileServer: Set new base='C:\Users\icgodmem\Desktop\andes\materias\semestre2\Desarroll_software_nube\drones\desarrollo-soft-nube-misw4204\jmeter'
2024-05-04 02:34:58,328 INFO o.a.j.s.SaveService: Loading file: C:\Users\icgodmem\Desktop\andes\materias\semestre2\Desarroll_software_nube\drones\desarrollo-soft-nube-misw4204\jmeter\save_task_v2.jmx
2024-05-04 02:34:58,484 INFO o.a.j.s.FileServer: Set new base='C:\Users\icgodmem\Desktop\andes\materias\semestre2\Desarroll_software_nube\drones\desarrollo-soft-nube-misw4204\jmeter'
2024-05-04 02:35:15,768 INFO o.a.j.g.a.Load: Loading file: C:\Users\icgodmem\Desktop\andes\materias\semestre2\Desarroll_software_nube\drones\desarrollo-soft-nube-misw4204\jmeter\get_task_v2.jmx
2024-05-04 02:35:15,768 INFO o.a.j.s.FileServer: Set new base='C:\Users\icgodmem\Desktop\andes\materias\semestre2\Desarroll_software_nube\drones\desarrollo-soft-nube-misw4204\jmeter'
2024-05-04 02:35:15,768 INFO o.a.j.s.SaveService: Loading file: C:\Users\icgodmem\Desktop\andes\materias\semestre2\Desarroll_software_nube\drones\desarrollo-soft-nube-misw4204\jmeter\get_task_v2.jmx
2024-05-04 02:35:15,835 INFO o.a.j.s.FileServer: Set new base='C:\Users\icgodmem\Desktop\andes\materias\semestre2\Desarroll_software_nube\drones\desarrollo-soft-nube-misw4204\jmeter'
